nohup: ignoring input
Traceback (most recent call last):
  File "D:\Django Fuel Route Optimizer\django-fuel-route\manage.py", line 22, in <module>
    main()
    ~~~~^^
  File "D:\Django Fuel Route Optimizer\django-fuel-route\manage.py", line 18, in main
    execute_from_command_line(sys.argv)
    ~~~~~~~~~~~~~~~~~~~~~~~~~^^^^^^^^^^
  File "C:\Users\Welcome\AppData\Local\Programs\Python\Python313\Lib\site-packages\django\core\management\__init__.py", line 442, in execute_from_command_line
    utility.execute()
    ~~~~~~~~~~~~~~~^^
  File "C:\Users\Welcome\AppData\Local\Programs\Python\Python313\Lib\site-packages\django\core\management\__init__.py", line 436, in execute
    self.fetch_command(subcommand).run_from_argv(self.argv)
    ~~~~~~~~~~~~~~~~~~~~~~~~~~~~~~~~~~~~~~~~~~~~^^^^^^^^^^^
  File "C:\Users\Welcome\AppData\Local\Programs\Python\Python313\Lib\site-packages\django\core\management\base.py", line 420, in run_from_argv
    self.execute(*args, **cmd_options)
    ~~~~~~~~~~~~^^^^^^^^^^^^^^^^^^^^^^
  File "C:\Users\Welcome\AppData\Local\Programs\Python\Python313\Lib\site-packages\django\core\management\base.py", line 464, in execute
    output = self.handle(*args, **options)
  File "D:\Django Fuel Route Optimizer\django-fuel-route\routing\management\commands\geocode_fuel_stations.py", line 82, in handle
    self.stdout.write(
    ~~~~~~~~~~~~~~~~~^
        self.style.SUCCESS(
        ^^^^^^^^^^^^^^^^^^^
    ...<4 lines>...
        )
        ^
    )
    ^
  File "C:\Users\Welcome\AppData\Local\Programs\Python\Python313\Lib\site-packages\django\core\management\base.py", line 185, in write
    self._out.write(style_func(msg))
    ~~~~~~~~~~~~~~~^^^^^^^^^^^^^^^^^
  File "C:\Users\Welcome\AppData\Local\Programs\Python\Python313\Lib\encodings\cp1252.py", line 19, in encode
    return codecs.charmap_encode(input,self.errors,encoding_table)[0]
           ~~~~~~~~~~~~~~~~~~~~~^^^^^^^^^^^^^^^^^^^^^^^^^^^^^^^^^^
UnicodeEncodeError: 'charmap' codec can't encode character '\u26a1' in position 2: character maps to <undefined>
